<?xml version="1.0" encoding="UTF-8"?>
<testng-results skipped="0" failed="0" total="1" passed="1">
  <reporter-output>
  </reporter-output>
  <suite name="Default suite" duration-ms="981" started-at="2021-01-23T17:06:03Z" finished-at="2021-01-23T17:06:04Z">
    <groups>
      <group name="cucumber">
        <method signature="AbstractTestNGCucumberTests.feature(cucumber.api.testng.CucumberFeatureWrapper)[pri:0, instance:com.kgisl.socket.runner.RunCucumber@1593948d]" name="feature" class="cucumber.api.testng.AbstractTestNGCucumberTests"/>
      </group> <!-- cucumber -->
    </groups>
    <test name="Default test" duration-ms="981" started-at="2021-01-23T17:06:03Z" finished-at="2021-01-23T17:06:04Z">
      <class name="com.kgisl.socket.runner.RunCucumber">
        <test-method status="PASS" signature="setUpClass()[pri:0, instance:com.kgisl.socket.runner.RunCucumber@1593948d]" name="setUpClass" is-config="true" duration-ms="215" started-at="2021-01-23T22:36:03Z" finished-at="2021-01-23T22:36:03Z">
          <reporter-output>
          </reporter-output>
        </test-method> <!-- setUpClass -->
        <test-method status="PASS" signature="feature(cucumber.api.testng.CucumberFeatureWrapper)[pri:0, instance:com.kgisl.socket.runner.RunCucumber@1593948d]" name="feature" duration-ms="586" started-at="2021-01-23T22:36:03Z" description="Runs Cucumber Feature" data-provider="features" finished-at="2021-01-23T22:36:04Z">
          <params>
            <param index="0">
              <value>
                <![CDATA[To check all the methods of socket service with valid and invalid unit testing data]]>
              </value>
            </param>
          </params>
          <reporter-output>
          </reporter-output>
        </test-method> <!-- feature -->
        <test-method status="PASS" signature="tearDownClass()[pri:0, instance:com.kgisl.socket.runner.RunCucumber@1593948d]" name="tearDownClass" is-config="true" duration-ms="95" started-at="2021-01-23T22:36:04Z" finished-at="2021-01-23T22:36:04Z">
          <reporter-output>
          </reporter-output>
        </test-method> <!-- tearDownClass -->
      </class> <!-- com.kgisl.socket.runner.RunCucumber -->
    </test> <!-- Default test -->
  </suite> <!-- Default suite -->
</testng-results>
